<?xml version="1.0" encoding="UTF-8"?>
<testng-results ignored="0" total="1" passed="1" failed="0" skipped="0">
  <reporter-output>
  </reporter-output>
  <suite started-at="2022-07-18T12:50:45 IST" name="Default suite" finished-at="2022-07-18T12:50:59 IST" duration-ms="14100">
    <groups>
    </groups>
    <test started-at="2022-07-18T12:50:45 IST" name="Default test" finished-at="2022-07-18T12:50:59 IST" duration-ms="14100">
      <class name="Firstpro.Allmobiles">
        <test-method signature="Logintro()[pri:0, instance:Firstpro.Allmobiles@2b48a640]" started-at="2022-07-18T12:50:45 IST" name="Logintro" finished-at="2022-07-18T12:50:59 IST" duration-ms="14060" status="PASS">
          <reporter-output>
          </reporter-output>
        </test-method> <!-- Logintro -->
      </class> <!-- Firstpro.Allmobiles -->
    </test> <!-- Default test -->
  </suite> <!-- Default suite -->
</testng-results>
